<?xml version="1.0" encoding="UTF-8"?>
<!-- Generated by org.testng.reporters.JUnitReportReporter -->
<testsuite hostname="DESKTOP-6VOIP5G" failures="0" tests="2" name="testScripts.LoginTest" time="1.339" errors="0" timestamp="2023-02-16T15:23:46 EST" skipped="0">
  <testcase classname="testScripts.LoginTest" name="loginTest" time="1.268"/>
  <system-out/>
  <testcase classname="testScripts.LoginTest" name="loginTest" time="0.071"/>
  <system-out/>
</testsuite> <!-- testScripts.LoginTest -->
