<?xml version="1.0" encoding="UTF-8"?>
<!-- Generated by org.testng.reporters.JUnitReportReporter -->
<testsuite hostname="DESKTOP-6VOIP5G" failures="0" tests="2" name="testScripts.AddCustomer" time="2.169" errors="0" timestamp="2023-02-16T15:21:14 EST" skipped="0">
  <testcase classname="testScripts.AddCustomer" name="addCustomerTest" time="0.477"/>
  <system-out/>
  <testcase classname="testScripts.AddCustomer" name="addCustomerTest" time="1.692"/>
  <system-out/>
</testsuite> <!-- testScripts.AddCustomer -->
