<?xml version="1.0" encoding="UTF-8"?>
<!-- Generated by org.testng.reporters.JUnitReportReporter -->
<testsuite hostname="DESKTOP-6VOIP5G" failures="0" tests="3" name="testScripts.AddCustomer" time="2.055" errors="0" timestamp="2023-02-17T15:46:29 EST" skipped="0">
  <testcase classname="testScripts.AddCustomer" name="addCustomerTest" time="1.404"/>
  <system-out/>
  <testcase classname="testScripts.AddCustomer" name="addCustomerTest" time="0.314"/>
  <system-out/>
  <testcase classname="testScripts.AddCustomer" name="addCustomerTest" time="0.337"/>
  <system-out/>
</testsuite> <!-- testScripts.AddCustomer -->
