<?xml version="1.0" encoding="UTF-8"?>
<!-- Generated by org.testng.reporters.JUnitReportReporter -->
<testsuite hostname="DESKTOP-6VOIP5G" failures="0" tests="2" name="testScripts.LoginTest" time="1.173" errors="0" timestamp="2023-02-16T15:24:58 EST" skipped="0">
  <testcase classname="testScripts.LoginTest" name="loginTest" time="1.111"/>
  <system-out/>
  <testcase classname="testScripts.LoginTest" name="loginTest" time="0.062"/>
  <system-out/>
</testsuite> <!-- testScripts.LoginTest -->
